<?xml version="1.0" encoding="UTF-8"?>
<testng-results skipped="0" failed="0" total="1" passed="1">
  <reporter-output>
  </reporter-output>
  <suite name="Default suite" duration-ms="88645" started-at="2018-06-22T11:28:38Z" finished-at="2018-06-22T11:30:07Z">
    <groups>
    </groups>
    <test name="Default test" duration-ms="88645" started-at="2018-06-22T11:28:38Z" finished-at="2018-06-22T11:30:07Z">
      <class name="com.salesforce.opportunity.CreateOpportunityTest">
        <test-method status="PASS" signature="launchBrowser()[pri:0, instance:com.salesforce.opportunity.CreateOpportunityTest@17fd0e6]" name="launchBrowser" is-config="true" duration-ms="3952" started-at="2018-06-22T16:58:38Z" finished-at="2018-06-22T16:58:42Z">
          <reporter-output>
          </reporter-output>
        </test-method> <!-- launchBrowser -->
        <test-method status="PASS" signature="enterCredentials()[pri:0, instance:com.salesforce.opportunity.CreateOpportunityTest@17fd0e6]" name="enterCredentials" is-config="true" duration-ms="5806" started-at="2018-06-22T16:58:42Z" finished-at="2018-06-22T16:58:48Z">
          <reporter-output>
          </reporter-output>
        </test-method> <!-- enterCredentials -->
        <test-method status="PASS" signature="createStandardOpportunityTest()[pri:0, instance:com.salesforce.opportunity.CreateOpportunityTest@17fd0e6]" name="createStandardOpportunityTest" duration-ms="78221" started-at="2018-06-22T16:58:48Z" finished-at="2018-06-22T17:00:06Z">
          <reporter-output>
          </reporter-output>
        </test-method> <!-- createStandardOpportunityTest -->
        <test-method status="PASS" signature="logOff()[pri:0, instance:com.salesforce.opportunity.CreateOpportunityTest@17fd0e6]" name="logOff" is-config="true" duration-ms="633" started-at="2018-06-22T17:00:06Z" finished-at="2018-06-22T17:00:07Z">
          <reporter-output>
          </reporter-output>
        </test-method> <!-- logOff -->
        <test-method status="PASS" signature="closeBrowser()[pri:0, instance:com.salesforce.opportunity.CreateOpportunityTest@17fd0e6]" name="closeBrowser" is-config="true" duration-ms="16" started-at="2018-06-22T17:00:07Z" finished-at="2018-06-22T17:00:07Z">
          <reporter-output>
          </reporter-output>
        </test-method> <!-- closeBrowser -->
      </class> <!-- com.salesforce.opportunity.CreateOpportunityTest -->
    </test> <!-- Default test -->
  </suite> <!-- Default suite -->
</testng-results>
